# JRE version: OpenJDK Runtime Environment (8.0_212-b03) (build 1.8.0_212-8u212-b03-0ubuntu1.18.04.1-b03)
# Java VM: OpenJDK 64-Bit Server VM (25.212-b03 mixed mode linux-amd64 compressed oops)
Heap:
 def new generation   total 7424K, used 7271K [0x00000000e8a00000, 0x00000000e9200000, 0x00000000f06a0000)
  eden space 6656K,  97% used [0x00000000e8a00000, 0x00000000e9059d30, 0x00000000e9080000)
  from space 768K,  99% used [0x00000000e9140000, 0x00000000e91ffff0, 0x00000000e9200000)
  to   space 768K,   0% used [0x00000000e9080000, 0x00000000e9080000, 0x00000000e9140000)
 tenured generation   total 16384K, used 3527K [0x00000000f06a0000, 0x00000000f16a0000, 0x0000000100000000)
   the space 16384K,  21% used [0x00000000f06a0000, 0x00000000f0a11de0, 0x00000000f0a11e00, 0x00000000f16a0000)
 Metaspace       used 11905K, capacity 12098K, committed 12288K, reserved 1060864K
  class space    used 1428K, capacity 1497K, committed 1536K, reserved 1048576K
GC Heap History (6 events):
Event: 0.522 GC heap before
{Heap before GC invocations=0 (full 0):
 def new generation   total 7424K, used 6656K [0x00000000e8a00000, 0x00000000e9200000, 0x00000000f06a0000)
  eden space 6656K, 100% used [0x00000000e8a00000, 0x00000000e9080000, 0x00000000e9080000)
  from space 768K,   0% used [0x00000000e9080000, 0x00000000e9080000, 0x00000000e9140000)
  to   space 768K,   0% used [0x00000000e9140000, 0x00000000e9140000, 0x00000000e9200000)
 tenured generation   total 16384K, used 0K [0x00000000f06a0000, 0x00000000f16a0000, 0x0000000100000000)
   the space 16384K,   0% used [0x00000000f06a0000, 0x00000000f06a0000, 0x00000000f06a0200, 0x00000000f16a0000)
 Metaspace       used 5052K, capacity 5888K, committed 6016K, reserved 1056768K
  class space    used 591K, capacity 624K, committed 640K, reserved 1048576K
Event: 0.529 GC heap after
Heap after GC invocations=1 (full 0):
 def new generation   total 7424K, used 767K [0x00000000e8a00000, 0x00000000e9200000, 0x00000000f06a0000)
  eden space 6656K,   0% used [0x00000000e8a00000, 0x00000000e8a00000, 0x00000000e9080000)
  from space 768K,  99% used [0x00000000e9140000, 0x00000000e91ffff8, 0x00000000e9200000)
  to   space 768K,   0% used [0x00000000e9080000, 0x00000000e9080000, 0x00000000e9140000)
 tenured generation   total 16384K, used 851K [0x00000000f06a0000, 0x00000000f16a0000, 0x0000000100000000)
   the space 16384K,   5% used [0x00000000f06a0000, 0x00000000f0774f90, 0x00000000f0775000, 0x00000000f16a0000)
 Metaspace       used 5052K, capacity 5888K, committed 6016K, reserved 1056768K
  class space    used 591K, capacity 624K, committed 640K, reserved 1048576K
}
Event: 9.407 GC heap before
{Heap before GC invocations=1 (full 0):
 def new generation   total 7424K, used 7423K [0x00000000e8a00000, 0x00000000e9200000, 0x00000000f06a0000)
  eden space 6656K, 100% used [0x00000000e8a00000, 0x00000000e9080000, 0x00000000e9080000)
  from space 768K,  99% used [0x00000000e9140000, 0x00000000e91ffff8, 0x00000000e9200000)
  to   space 768K,   0% used [0x00000000e9080000, 0x00000000e9080000, 0x00000000e9140000)
 tenured generation   total 16384K, used 851K [0x00000000f06a0000, 0x00000000f16a0000, 0x0000000100000000)
   the space 16384K,   5% used [0x00000000f06a0000, 0x00000000f0774f90, 0x00000000f0775000, 0x00000000f16a0000)
 Metaspace       used 8127K, capacity 8176K, committed 8448K, reserved 1056768K
  class space    used 973K, capacity 976K, committed 1024K, reserved 1048576K
Event: 9.417 GC heap after
Heap after GC invocations=2 (full 0):
 def new generation   total 7424K, used 768K [0x00000000e8a00000, 0x00000000e9200000, 0x00000000f06a0000)
  eden space 6656K,   0% used [0x00000000e8a00000, 0x00000000e8a00000, 0x00000000e9080000)
  from space 768K, 100% used [0x00000000e9080000, 0x00000000e9140000, 0x00000000e9140000)
  to   space 768K,   0% used [0x00000000e9140000, 0x00000000e9140000, 0x00000000e9200000)
 tenured generation   total 16384K, used 2338K [0x00000000f06a0000, 0x00000000f16a0000, 0x0000000100000000)
   the space 16384K,  14% used [0x00000000f06a0000, 0x00000000f08e8b28, 0x00000000f08e8c00, 0x00000000f16a0000)
 Metaspace       used 8127K, capacity 8176K, committed 8448K, reserved 1056768K
  class space    used 973K, capacity 976K, committed 1024K, reserved 1048576K
}
Event: 9.808 GC heap before
{Heap before GC invocations=2 (full 0):
 def new generation   total 7424K, used 7424K [0x00000000e8a00000, 0x00000000e9200000, 0x00000000f06a0000)
  eden space 6656K, 100% used [0x00000000e8a00000, 0x00000000e9080000, 0x00000000e9080000)
  from space 768K, 100% used [0x00000000e9080000, 0x00000000e9140000, 0x00000000e9140000)
  to   space 768K,   0% used [0x00000000e9140000, 0x00000000e9140000, 0x00000000e9200000)
 tenured generation   total 16384K, used 2338K [0x00000000f06a0000, 0x00000000f16a0000, 0x0000000100000000)
   the space 16384K,  14% used [0x00000000f06a0000, 0x00000000f08e8b28, 0x00000000f08e8c00, 0x00000000f16a0000)
 Metaspace       used 10346K, capacity 10530K, committed 10624K, reserved 1058816K
  class space    used 1248K, capacity 1337K, committed 1408K, reserved 1048576K
Event: 9.818 GC heap after
Heap after GC invocations=3 (full 0):
 def new generation   total 7424K, used 767K [0x00000000e8a00000, 0x00000000e9200000, 0x00000000f06a0000)
  eden space 6656K,   0% used [0x00000000e8a00000, 0x00000000e8a00000, 0x00000000e9080000)
  from space 768K,  99% used [0x00000000e9140000, 0x00000000e91ffff0, 0x00000000e9200000)
  to   space 768K,   0% used [0x00000000e9080000, 0x00000000e9080000, 0x00000000e9140000)
 tenured generation   total 16384K, used 3527K [0x00000000f06a0000, 0x00000000f16a0000, 0x0000000100000000)
   the space 16384K,  21% used [0x00000000f06a0000, 0x00000000f0a11de0, 0x00000000f0a11e00, 0x00000000f16a0000)
 Metaspace       used 10346K, capacity 10530K, committed 10624K, reserved 1058816K
  class space    used 1248K, capacity 1337K, committed 1408K, reserved 1048576K
}

